{"/Users/larryjones/professional/projects/tdjsa/tdd/server/palindrome/src/palindrome.js":{"path":"/Users/larryjones/professional/projects/tdjsa/tdd/server/palindrome/src/palindrome.js","s":{"1":1,"2":4,"3":1,"4":3,"5":3},"b":{"1":[1,3]},"f":{"1":4},"fnMap":{"1":{"name":"(anonymous_1)","line":1,"loc":{"start":{"line":1,"column":17},"end":{"line":1,"column":38}}}},"statementMap":{"1":{"start":{"line":1,"column":0},"end":{"line":7,"column":2}},"2":{"start":{"line":2,"column":1},"end":{"line":4,"column":2}},"3":{"start":{"line":3,"column":2},"end":{"line":3,"column":15}},"4":{"start":{"line":5,"column":1},"end":{"line":5,"column":66}},"5":{"start":{"line":6,"column":1},"end":{"line":6,"column":41}}},"branchMap":{"1":{"line":2,"type":"if","locations":[{"start":{"line":2,"column":1},"end":{"line":2,"column":1}},{"start":{"line":2,"column":1},"end":{"line":2,"column":1}}]}}}}